<?xml version="1.0" encoding="utf-8"?><testsuites><testsuite name="pytest" errors="0" failures="0" skipped="4" tests="1211" time="185.041" timestamp="2026-09-21T20:41:01.775731" hostname="LAPTOP-TV4UGFBC"><testcase classname="tests.test_acquisition" name="test_credential_egress_error_derives_from_the_one_base" time="0.001" /><testcase classname="tests.test_acquisition" name="test_token_shaped_value_is_refused_and_the_match_is_named" time="0.001" /><testcase classname="tests.test_acquisition" name="test_generic_high_entropy_token_is_refused_naming_the_heuristic" time="0.000" /><testcase classname="tests.test_acquisition" name="test_signed_url_is_refused_even_when_allowlisted_shaped" time="0.000" /><testcase classname="tests.test_acquisition" name="test_url_with_userinfo_credentials_is_refused" time="0.000" /><testcase classname="tests.test_acquisition" name="test_auth_header_is_refused_unconditionally" time="0.000" /><testcase classname="tests.test_acquisition" name="test_legitimate_hash_uuid_and_prose_pass_via_the_allowlist" time="0.000" /><testcase classname="tests.test_acquisition" name="test_provider_data_filenames_pass_via_the_structural_allowlist_entry" time="0.000" /><testcase classname="tests.test_acquisition" name="test_structural_filename_entry_does_not_open_the_known_prefix_or_token_paths" time="0.001" /><testcase classname="tests.test_acquisition" name="test_guard_egress_walks_nested_payloads" time="0.000" /><testcase classname="tests.test_acquisition" name="test_registry_notes_carrying_a_credential_refuses_and_writes_no_byte" time="0.007" /><testcase classname="tests.test_acquisition" name="test_registry_reason_carrying_a_credential_refuses_and_writes_no_byte" time="0.005" /><testcase classname="tests.test_acquisition" name="test_record_abort_honestly_claims_nothing_when_the_reason_is_refused" time="0.002" /><testcase classname="tests.test_acquisition" name="test_registry_egress_coverage_is_derived_and_equals_the_declared_field_set" time="0.058" /><testcase classname="tests.test_acquisition" name="test_a_clean_registry_row_still_appends_after_the_guard" time="0.006" /><testcase classname="tests.test_acquisition" name="test_embedded_tier_catches_a_carrier_the_per_value_detector_cannot_see" time="0.001" /><testcase classname="tests.test_acquisition" name="test_free_text_tier_never_fires_on_the_prose_an_abort_record_legitimately_carries" time="0.001" /><testcase classname="tests.test_acquisition" name="test_the_stated_limit_of_the_chokepoint_is_pinned_not_assumed" time="0.001" /><testcase classname="tests.test_acquisition" name="test_the_stage_script_keeps_no_inline_copy_of_the_egress_guard" time="0.015" /><testcase classname="tests.test_acquisition" name="test_policy_is_the_approved_operational_values" time="0.000" /><testcase classname="tests.test_acquisition" name="test_transient_failures_are_retried_within_the_bound" time="0.003" /><testcase classname="tests.test_acquisition" name="test_retry_exhaustion_is_integrity_tier_and_writes_nothing" time="0.002" /><testcase classname="tests.test_acquisition" name="test_backoff_follows_the_approved_schedule_and_stays_under_the_cap" time="0.000" /><testcase classname="tests.test_acquisition" name="test_truncated_stream_never_yields_a_manifest_row_with_a_hash" time="0.002" /><testcase classname="tests.test_acquisition" name="test_divergent_rerun_records_both_and_refuses_to_overwrite" time="0.003" /><testcase classname="tests.test_acquisition" name="test_suffix_mismatch_is_recorded_nonfatally_at_retrieval" time="0.003" /><testcase classname="tests.test_acquisition" name="test_resumption_passes_the_offset_where_the_transport_supports_it" time="0.003" /><testcase classname="tests.test_acquisition" name="test_rate_bound_sleeps_between_requests" time="0.003" /><testcase classname="tests.test_acquisition" name="test_a_spec_missing_an_identity_field_is_refused" time="0.002" /><testcase classname="tests.test_acquisition" name="test_request_manifest_happy_path_carries_policy_and_fields" time="0.004" /><testcase classname="tests.test_acquisition" name="test_absent_madrigalweb_version_fails_exactly_as_unknown_fails" time="0.002" /><testcase classname="tests.test_acquisition" name="test_driver_inventory_with_fewer_than_nine_fields_fails" time="0.002" /><testcase classname="tests.test_acquisition" name="test_mixed_release_grade_within_one_series_fails" time="0.002" /><testcase classname="tests.test_acquisition" name="test_empty_release_status_fails" time="0.001" /><testcase classname="tests.test_acquisition" name="test_injected_gap_survives_acquisition_as_nan" time="0.000" /><testcase classname="tests.test_acquisition" name="test_any_fill_breaks_the_conservation_invariant" time="0.000" /><testcase classname="tests.test_acquisition" name="test_sha256_manifest_arithmetic_holds_and_refuses_a_hashless_provider_row" time="0.005" /><testcase classname="tests.test_acquisition" name="test_full_class_with_zero_provider_hashes_is_refused_and_derived_only_is_honest" time="0.007" /><testcase classname="tests.test_acquisition" name="test_unknown_provenance_class_is_refused" time="0.002" /><testcase classname="tests.test_acquisition" name="test_manifest_writer_refuses_a_credential_and_writes_nothing" time="0.002" /><testcase classname="tests.test_acquisition" name="test_stale_derived_release_fails_without_a_repointing_dnumber" time="0.001" /><testcase classname="tests.test_acquisition" name="test_locked_month_membership_derives_from_record_timestamps_not_names" time="0.000" /><testcase classname="tests.test_acquisition" name="test_locked_month_records_are_refused_while_blk07_stands" time="0.001" /><testcase classname="tests.test_acquisition" name="test_an_undatable_record_fails_closed_rather_than_being_kept" time="0.000" /><testcase classname="tests.test_acquisition" name="test_offset_bearing_boundary_timestamp_is_never_attributed_to_its_local_date" time="0.001" /><testcase classname="tests.test_acquisition" name="test_request_manifest_refuses_an_empty_identity_stamp[phase_id]" time="0.002" /><testcase classname="tests.test_acquisition" name="test_request_manifest_refuses_an_empty_identity_stamp[source_id]" time="0.002" /><testcase classname="tests.test_acquisition" name="test_request_manifest_refuses_an_empty_identity_stamp[target_definition_id]" time="0.003" /><testcase classname="tests.test_acquisition" name="test_sha256_manifest_refuses_an_empty_identity_stamp[phase_id]" time="0.002" /><testcase classname="tests.test_acquisition" name="test_sha256_manifest_refuses_an_empty_identity_stamp[source_id]" time="0.002" /><testcase classname="tests.test_acquisition" name="test_sha256_manifest_refuses_an_empty_identity_stamp[target_definition_id]" time="0.002" /><testcase classname="tests.test_acquisition" name="test_stamps_ride_the_sha256_metadata_sidecar_and_never_the_hash_mapping" time="0.005" /><testcase classname="tests.test_acquisition" name="test_request_manifest_carries_its_stamps_to_disk" time="0.005" /><testcase classname="tests.test_acquisition" name="test_stage_00_passes_gap_accounting_so_the_conservation_loop_is_not_empty" time="0.011" /><testcase classname="tests.test_acquisition" name="test_purposes_gained_the_two_acquisition_values_compatibly" time="0.001" /><testcase classname="tests.test_acquisition" name="test_write_restricted_logs_durably_first_then_writes" time="0.014" /><testcase classname="tests.test_acquisition" name="test_failed_log_append_aborts_the_write_with_no_byte_written" time="0.004" /><testcase classname="tests.test_acquisition" name="test_ordinary_path_is_refused_for_writes" time="0.003" /><testcase classname="tests.test_acquisition" name="test_uncharacterised_platform_refuses_the_write_before_any_row" time="0.002" /><testcase classname="tests.test_acquisition" name="test_a_read_purpose_is_refused_on_the_write_path" time="0.002" /><testcase classname="tests.test_acquisition" name="test_an_existing_restricted_target_is_never_overwritten" time="0.013" /><testcase classname="tests.test_acquisition" name="test_clean_notebook_passes" time="0.001" /><testcase classname="tests.test_acquisition" name="test_saved_outputs_and_execution_counts_are_violations" time="0.000" /><testcase classname="tests.test_acquisition" name="test_unparseable_notebook_fails_closed" time="0.001" /><testcase classname="tests.test_acquisition" name="test_the_workspace_notebook_is_clean_today" time="0.001" /><testcase classname="tests.test_acquisition" name="test_stage_script_opens_main_with_ensure_process_determinism" time="0.008" /><testcase classname="tests.test_acquisition" name="test_stage_script_takes_config_and_never_imports_the_restricted_guard" time="0.011" /><testcase classname="tests.test_acquisition" name="test_acquisition_preflight_entry_names_the_d144_identity_fields" time="0.001" /><testcase classname="tests.test_acquisition" name="test_optionb_00_record_window_bound_behavioural_and_wired" time="0.006" /><testcase classname="tests.test_bootstrap" name="test_real_config_bootstrap_and_estimand_blocks_reread_never_literal" time="0.051" /><testcase classname="tests.test_bootstrap" name="test_declaration_absent_or_tbd_refuses_naming_field" time="0.000" /><testcase classname="tests.test_bootstrap" name="test_control_18_unrecognised_method_scheme_series_refuse_naming_field" time="0.000" /><testcase classname="tests.test_bootstrap" name="test_control_17_confirmatory_echo_drift_refuses" time="0.014" /><testcase classname="tests.test_bootstrap" name="test_invalid_evaluation_mode_refuses" time="0.007" /><testcase classname="tests.test_bootstrap" name="test_grid_partition_records_scheme_and_realised_count" time="0.001" /><testcase classname="tests.test_bootstrap" name="test_control_7_indivisible_range_raises" time="0.000" /><testcase classname="tests.test_bootstrap" name="test_grid_refuses_unrecognised_scheme_naming_config_field" time="0.000" /><testcase classname="tests.test_bootstrap" name="test_control_8_9_row_outside_scored_range_raises_through_entry_point" time="0.007" /><testcase classname="tests.test_bootstrap" name="test_percentile_interval_known_values_and_refusals" time="0.000" /><testcase classname="tests.test_bootstrap" name="test_controls_13_14_hash_equality_and_difference_byte_grounded" time="0.000" /><testcase classname="tests.test_bootstrap" name="test_control_23_pairwise_pearson_recovers_planted_correlation" time="0.000" /><testcase classname="tests.test_bootstrap" name="test_pearson_degenerate_pairs_refuse" time="0.000" /><testcase classname="tests.test_bootstrap" name="test_control_11_vector_draw_shape_cannot_represent_per_station_indices" time="0.000" /><testcase classname="tests.test_bootstrap" name="test_control_6_replicate_statistic_is_equal_station_not_pooled" time="0.000" /><testcase classname="tests.test_bootstrap" name="test_control_10_zero_support_station_raises_naming_it" time="0.000" /><testcase classname="tests.test_bootstrap" name="test_control_15_missing_seed_is_typeerror_by_signature" time="0.007" /><testcase classname="tests.test_bootstrap" name="test_per_entry_stampless_prediction_raises_leakage" time="0.007" /><testcase classname="tests.test_bootstrap" name="test_per_entry_unregistered_mask_raises_fairness" time="0.003" /><testcase classname="tests.test_bootstrap" name="test_per_entry_mask_mismatched_partition_set_raises_fairness" time="0.007" /><testcase classname="tests.test_bootstrap" name="test_control_2_member_partition_mismatch_raises_partition_error" time="0.007" /><testcase classname="tests.test_bootstrap" name="test_per_entry_receiptless_dec_call_refuses_fail_closed" time="0.007" /><testcase classname="tests.test_bootstrap" name="test_per_entry_uninverted_abl_diff_raises_inverse_transform" time="0.007" /><testcase classname="tests.test_bootstrap" name="test_control_5_point_estimate_inequality_raises" time="0.007" /><testcase classname="tests.test_bootstrap" name="test_numpy_absence_refuses_naming_the_pin" time="0.007" /><testcase classname="tests.test_bootstrap" name="test_control_21_missing_evidence_fields_fail_at_construction" time="0.001" /><testcase classname="tests.test_bootstrap" name="test_control_16_sensitivity_labelled_and_never_merged" time="0.000" /><testcase classname="tests.test_bootstrap" name="test_control_19_fixture_mode_widening_failure_raises_at_construction" time="0.000" /><testcase classname="tests.test_bootstrap" name="test_control_22_real_data_failure_without_disclosure_fails" time="0.000" /><testcase classname="tests.test_bootstrap" name="test_control_20_quarantine_comparator_never_a_reported_interval" time="0.000" /><testcase classname="tests.test_bootstrap" name="test_append_safety_second_write_refuses_and_evidence_is_machine_readable" time="0.005" /><testcase classname="tests.test_bootstrap" name="test_bootstrap_module_imports_numpy_lazily_and_adds_no_package_edge" time="0.013" /><testcase classname="tests.test_bootstrap" name="test_controls_13_14_same_seed_reproduces_hash_exactly_different_seed_differs" time="0.128" /><testcase classname="tests.test_bootstrap" name="test_stream_isolation_primary_hash_matches_direct_root_stream" time="0.020" /><testcase classname="tests.test_bootstrap" name="test_widening_holds_on_planted_fixture_and_evidence_records_the_run" time="0.018" /><testcase classname="tests.test_bootstrap" name="test_control_10_zero_support_replicate_raises_through_draws" time="0.007" /><testcase classname="tests.test_bootstrap" name="test_real_config_confirmatory_shape_rereads_never_literal" time="0.498" /><testcase classname="tests.test_checkpoint_restore" name="test_selection_is_on_the_lowest_validation_rmse_not_the_last_epoch" time="0.001" /><testcase classname="tests.test_checkpoint_restore" name="test_tie_breaks_toward_the_earliest_epoch" time="0.000" /><testcase classname="tests.test_checkpoint_restore" name="test_nan_validation_rmse_is_refused_never_skipped" time="0.001" /><testcase classname="tests.test_checkpoint_restore" name="test_negative_rmse_duplicate_epoch_and_empty_history_are_refused" time="0.000" /><testcase classname="tests.test_checkpoint_restore" name="test_restore_returns_the_best_checkpoint_and_its_weights_through_the_backend" time="0.000" /><testcase classname="tests.test_checkpoint_restore" name="test_a_last_epoch_restore_fails_the_negative_control" time="0.000" /><testcase classname="tests.test_checkpoint_restore" name="test_a_restore_with_the_right_epoch_but_a_foreign_payload_fails" time="0.000" /><testcase classname="tests.test_checkpoint_restore" name="test_checkpoint_carries_exactly_the_six_approved_attributes" time="0.000" /><testcase classname="tests.test_checkpoint_restore" name="test_should_stop_after_patience_epochs_without_a_minimum_improvement" time="0.000" /><testcase classname="tests.test_checkpoint_restore" name="test_should_stop_refuses_a_non_positive_patience" time="0.000" /><testcase classname="tests.test_checkpoint_restore" name="test_the_configured_policy_is_best_checkpoint_and_last_epoch_is_refused" time="0.001" /><testcase classname="tests.test_checkpoint_restore" name="test_every_one_of_the_seven_setting_keys_is_required" time="0.001" /><testcase classname="tests.test_clean_run" name="test_control_1_each_missing_area_fails_per_area_enumeration" time="0.427" /><testcase classname="tests.test_clean_run" name="test_must_not_fire_full_manifest_validates_with_not_applicable_phase2" time="0.105" /><testcase classname="tests.test_clean_run" name="test_not_applicable_on_phase1_quantity_fails" time="0.054" /><testcase classname="tests.test_clean_run" name="test_control_2_hash_listing_absent_or_disagreeing_fails" time="0.092" /><testcase classname="tests.test_clean_run" name="test_control_3_required_output_without_ledger_entry_fails" time="0.043" /><testcase classname="tests.test_clean_run" name="test_control_4_only_copy_yaml_parse_scan_project_wide" time="0.780" /><testcase classname="tests.test_clean_run" name="test_control_37_fixture_bootstrap_fields_and_divisibility" time="0.191" /><testcase classname="tests.test_clean_run" name="test_control_5_candidate_manifest_cannot_produce_evidence" time="0.122" /><testcase classname="tests.test_clean_run" name="test_control_6_post_freeze_edit_fails_sibling_hash" time="0.101" /><testcase classname="tests.test_clean_run" name="test_control_7_identity_disagreeing_with_cited_decision_fails" time="0.115" /><testcase classname="tests.test_clean_run" name="test_control_8_measured_field_without_run_id_is_unrepresentable" time="0.038" /><testcase classname="tests.test_clean_run" name="test_freeze_record_agreement_and_sidecar_fallback" time="0.063" /><testcase classname="tests.test_clean_run" name="test_control_9_foreign_station_record_fails" time="0.057" /><testcase classname="tests.test_clean_run" name="test_assembly_selects_the_cited_window_on_record_dates_then_asserts" time="0.059" /><testcase classname="tests.test_clean_run" name="test_build_phase1_commands_threads_the_explicit_code_commit" time="0.003" /><testcase classname="tests.test_clean_run" name="test_control_10_manifest_naming_other_station_fails_citation" time="0.065" /><testcase classname="tests.test_clean_run" name="test_control_11_and_38_coverage_figure_missing_either_caveat_fails" time="0.001" /><testcase classname="tests.test_clean_run" name="test_control_12_input_hash_disagreement_fails_before_the_run" time="0.066" /><testcase classname="tests.test_clean_run" name="test_control_13_smoke_only_artifact_refused_at_every_evidence_surface" time="0.129" /><testcase classname="tests.test_clean_run" name="test_control_14_december_record_caught_on_record_date_not_folder" time="0.006" /><testcase classname="tests.test_clean_run" name="test_control_15_frozen_partition_id_in_apparatus_declaration_fails" time="0.101" /><testcase classname="tests.test_clean_run" name="test_apparatus_partitions_build_and_are_quarantined" time="0.064" /><testcase classname="tests.test_clean_run" name="test_control_16_fixture_partition_id_at_adr11_identity_check_raises" time="0.000" /><testcase classname="tests.test_clean_run" name="test_control_17_m10_step_wired_after_plumbing_and_never_a_receipt" time="0.006" /><testcase classname="tests.test_clean_run" name="test_control_18_and_39_sequence_matches_the_fence_membership_and_order" time="0.001" /><testcase classname="tests.test_clean_run" name="test_control_39_phase2_only_invocation_raises_phase_boundary_error" time="0.000" /><testcase classname="tests.test_clean_run" name="test_control_19_no_gpu_visible_in_the_child_environment" time="0.001" /><testcase classname="tests.test_clean_run" name="test_control_20_pythonhashseed_unset_or_late_fails" time="0.001" /><testcase classname="tests.test_clean_run" name="test_control_21_single_bit_plant_in_exact_artifact_fails" time="0.104" /><testcase classname="tests.test_clean_run" name="test_control_22_no_tolerance_lives_in_a_test_body" time="0.039" /><testcase classname="tests.test_clean_run" name="test_control_23_exact_mismatch_never_updates_the_expectation" time="0.086" /><testcase classname="tests.test_clean_run" name="test_control_24_runtime_or_storage_outside_measured_range_fails" time="0.056" /><testcase classname="tests.test_clean_run" name="test_control_25_tecu_tolerance_without_inverse_route_is_not_freezable" time="0.058" /><testcase classname="tests.test_clean_run" name="test_control_29_receipt_from_candidate_manifest_refused_at_write_time" time="0.056" /><testcase classname="tests.test_clean_run" name="test_control_26_scientific_without_plumbing_receipt_raises" time="0.066" /><testcase classname="tests.test_clean_run" name="test_control_27_full_year_invocation_without_both_receipts_raises" time="0.003" /><testcase classname="tests.test_clean_run" name="test_control_28_receipt_hash_disagreeing_with_frozen_manifest_raises" time="0.059" /><testcase classname="tests.test_clean_run" name="test_must_not_fire_two_receipts_in_order_pass" time="0.140" /><testcase classname="tests.test_clean_run" name="test_receipt_lock_binding_and_environment_identity" time="0.072" /><testcase classname="tests.test_clean_run" name="test_exported_check_full_path_requires_yaml" time="0.208" /><testcase classname="tests.test_clean_run" name="test_control_30_local_stamped_gate_result_fails" time="0.001" /><testcase classname="tests.test_clean_run" name="test_control_31_lock_disagreement_fails" time="0.001" /><testcase classname="tests.test_clean_run" name="test_control_32_gate_result_predating_the_frozen_manifests_fails" time="0.288" /><testcase classname="tests.test_clean_run" name="test_control_33_matrix_row_citing_absent_module_fails" time="0.117" /><testcase classname="tests.test_clean_run" name="test_control_34_and_35_acceptance_table_bounds" time="0.125" /><testcase classname="tests.test_clean_run" name="test_control_36_report_figure_missing_either_caveat_fails" time="0.138" /><testcase classname="tests.test_clean_run" name="test_rec28_g07_report_refuses_when_the_in_session_gate_never_ran" time="0.131" /><testcase classname="tests.test_clean_run" name="test_stamp_travels_and_is_never_rewritten" time="0.123" /><testcase classname="tests.test_clean_run" name="test_clean_run_completion_or_skip_with_named_reason" time="0.350"><skipped type="pytest.skip" message="clean-run completion NOT RUN — first unmet precondition: tests\fixtures\plumbing_7day\fixture_manifest.yaml exists but is not loadable (carries the `TBD — freeze gate` sentinel (and 71 other field(s)); a manifest is measured from a fixture run and frozen, …): it is the Recommendation 37 STRUCTURAL SKELETON, not a measured manifest. A measuring run (`--emit-candidate --identity …`), then promotion, then the owner's Q-31 freeze are owed before a comparison run can be made">C:\Users\LOTUS\Desktop\Thesis_toshkari\tests\test_clean_run.py:1914: clean-run completion NOT RUN — first unmet precondition: tests\fixtures\plumbing_7day\fixture_manifest.yaml exists but is not loadable (carries the `TBD — freeze gate` sentinel (and 71 other field(s)); a manifest is measured from a fixture run and frozen, …): it is the Recommendation 37 STRUCTURAL SKELETON, not a measured manifest. A measuring run (`--emit-candidate --identity …`), then promotion, then the owner's Q-31 freeze are owed before a comparison run can be made</skipped></testcase><testcase classname="tests.test_clean_run" name="test_precondition_names_the_field_whose_own_value_is_the_sentinel" time="0.001" /><testcase classname="tests.test_clean_run" name="test_precondition_does_not_fire_when_every_checked_field_resolves" time="0.000" /><testcase classname="tests.test_clean_run" name="test_precondition_reports_an_unreadable_field_instead_of_guessing" time="0.001" /><testcase classname="tests.test_clean_run" name="test_fixture_manifests_are_structural_only_and_carry_no_measured_value" time="0.067" /><testcase classname="tests.test_clean_run" name="test_required_output_enumeration_is_20_and_19" time="0.001" /><testcase classname="tests.test_clean_run" name="test_function_count_derived_and_printed" time="0.003" /><testcase classname="tests.test_clean_run" name="test_control_counts_derived_from_business_rules_not_carried" time="0.003" /><testcase classname="tests.test_clean_run" name="test_beyond_enumeration_controls_exist_and_do_not_touch_the_ledger" time="0.000" /><testcase classname="tests.test_clean_run" name="test_optionb_00_stage_entry_real_invocation_no_window" time="4.979" /><testcase classname="tests.test_clean_run" name="test_optionb_00_stage_entry_real_invocation_full_year_window" time="4.950" /><testcase classname="tests.test_clean_run" name="test_optionb_00_stage_entry_real_invocation_full_scale_refuses" time="4.825" /><testcase classname="tests.test_clean_run" name="test_item1_option_a_00_fixture_run_reads_verified_artifacts_and_writes_derived_only" time="4.684" /><testcase classname="tests.test_clean_run" name="test_item1_option_a_00_fixture_run_refuses_a_tampered_artifact_before_reading" time="4.998" /><testcase classname="tests.test_clean_run" name="test_rec2_00_out_of_window_acquisition_exemption_refuses" time="0.062" /><testcase classname="tests.test_clean_run" name="test_rec2_01_out_of_window_inventory_and_audit_refuse" time="0.067" /><testcase classname="tests.test_clean_run" name="test_rec2_02_out_of_window_standardization_exemption_refuses" time="0.063" /><testcase classname="tests.test_clean_run" name="test_rec2_04_full_year_audit_exemption_refuses" time="0.061" /><testcase classname="tests.test_clean_run" name="test_rec3_fixture_registry_roots_are_separate_and_freeze_is_apparatus_free" time="0.015" /><testcase classname="tests.test_clean_run" name="test_rec3_two_fold_apparatus_registration_never_self_collides" time="0.011" /><testcase classname="tests.test_clean_run" name="test_rec4_lifecycle_chain_connects_through_each_script_entry" time="0.010" /><testcase classname="tests.test_clean_run" name="test_rec4_candidate_validates_from_orchestrator_collectable_measurements" time="0.056" /><testcase classname="tests.test_clean_run" name="test_rec5_multi_run_ranges_stamped_and_zero_width_refused" time="0.006" /><testcase classname="tests.test_clean_run" name="test_rec44_reproduction_guide_exists_and_carries_the_pythonhashseed_line" time="0.001" /><testcase classname="tests.test_clean_run" name="test_rec44_three_way_sequence_agreement_te_constant_and_guide" time="0.001" /><testcase classname="tests.test_clean_run" name="test_rec44_the_three_way_comparison_detects_a_drifted_guide" time="0.001" /><testcase classname="tests.test_clean_run" name="test_candidate_path_is_per_run_and_is_not_the_reference_manifest" time="0.003" /><testcase classname="tests.test_clean_run" name="test_candidate_run_id_is_made_filename_safe_and_an_empty_one_is_refused" time="0.002" /><testcase classname="tests.test_clean_run" name="test_a_measuring_run_writes_its_candidate_while_a_skeleton_holds_the_reference_path" time="0.050" /><testcase classname="tests.test_clean_run" name="test_a_second_write_at_the_same_candidate_path_is_still_refused" time="0.079" /><testcase classname="tests.test_clean_run" name="test_promotion_installs_the_candidate_preserves_the_old_manifest_and_records_it" time="0.091" /><testcase classname="tests.test_clean_run" name="test_promotion_refuses_a_candidate_carrying_an_unmeasured_field" time="0.056" /><testcase classname="tests.test_clean_run" name="test_promotion_refuses_a_frozen_source_and_a_missing_one" time="0.065" /><testcase classname="tests.test_clean_run" name="test_promotion_refuses_rather_than_overwriting_an_earlier_preservation" time="0.185" /><testcase classname="tests.test_clean_run" name="test_comparison_mode_still_refuses_an_incomplete_reference_manifest" time="0.060" /><testcase classname="tests.test_common_masks" name="test_real_comparison_sets_reread_from_config_never_literal" time="0.039" /><testcase classname="tests.test_common_masks" name="test_comparison_sets_absent_refuses_naming_the_field" time="0.000" /><testcase classname="tests.test_common_masks" name="test_rec16_real_primary_set_declares_all_three_difficulty_controls" time="0.038" /><testcase classname="tests.test_common_masks" name="test_rec16_primary_set_missing_a_mandatory_control_refuses[M-01]" time="0.038" /><testcase classname="tests.test_common_masks" name="test_rec16_primary_set_missing_a_mandatory_control_refuses[M-02]" time="0.037" /><testcase classname="tests.test_common_masks" name="test_rec16_primary_set_missing_a_mandatory_control_refuses[M-03]" time="0.037" /><testcase classname="tests.test_common_masks" name="test_rec16_floor_governs_the_primary_set_only_and_refuses_its_absence" time="0.038" /><testcase classname="tests.test_common_masks" name="test_control_6_none_stamp_raises_leakage" time="0.001" /><testcase classname="tests.test_common_masks" name="test_transform_outside_recorded_set_raises_leakage" time="0.000" /><testcase classname="tests.test_common_masks" name="test_control_5_partition_mismatch_raises_partition_error" time="0.000" /><testcase classname="tests.test_common_masks" name="test_control_7_member_vs_mask_partition_raises_fairness" time="0.008" /><testcase classname="tests.test_common_masks" name="test_controls_8_9_10_membership_missing_extra_duplicate" time="0.000" /><testcase classname="tests.test_common_masks" name="test_a_missing_member_prediction_is_excluded_whether_none_or_nan" time="0.002" /><testcase classname="tests.test_common_masks" name="test_control_11_two_declared_sets_merged_raises" time="0.000" /><testcase classname="tests.test_common_masks" name="test_control_14_pairwise_mask_attempt_refuses" time="0.000" /><testcase classname="tests.test_common_masks" name="test_control_1_unresolvable_inverse_names_identifier_and_d27" time="0.000" /><testcase classname="tests.test_common_masks" name="test_control_3_uninverted_abl_diff_refuses_naming_d27" time="0.000" /><testcase classname="tests.test_common_masks" name="test_control_4_declared_target_touching_without_lineage_refuses" time="0.000" /><testcase classname="tests.test_common_masks" name="test_must_not_fire_untransformed_b01_c01_pass_target_space" time="0.000" /><testcase classname="tests.test_common_masks" name="test_mask_builds_with_reporting_surface_and_per_station_counts" time="0.001" /><testcase classname="tests.test_common_masks" name="test_mask_id_deterministic_and_control_12_recompute_mismatch_fails" time="0.001" /><testcase classname="tests.test_common_masks" name="test_control_13_second_registration_for_same_set_raises" time="0.007" /><testcase classname="tests.test_common_masks" name="test_control_31_missing_reporting_value_fails" time="0.001" /><testcase classname="tests.test_common_masks" name="test_q4a_frozen_bundle_manifest_is_write_once" time="0.012" /><testcase classname="tests.test_common_masks" name="test_control_28_mismatched_windows_fail_instantiated_on_tier3" time="0.001" /><testcase classname="tests.test_common_masks" name="test_per_entry_stampless_prediction_into_mask_build_raises" time="0.001" /><testcase classname="tests.test_common_masks" name="test_mask_build_refuses_merged_sets_at_its_own_entry" time="0.001" /><testcase classname="tests.test_common_masks" name="test_control_15_known_sign_fixture_orientation_benchmark_minus_model" time="0.006" /><testcase classname="tests.test_common_masks" name="test_control_16_equal_station_not_pooled_on_asymmetric_counts" time="0.006" /><testcase classname="tests.test_common_masks" name="test_control_17_unregistered_mask_raises" time="0.003" /><testcase classname="tests.test_common_masks" name="test_control_29_external_join_onto_unregistered_mask_raises" time="0.003" /><testcase classname="tests.test_common_masks" name="test_per_entry_sixth_guard_through_the_estimand" time="0.006" /><testcase classname="tests.test_common_masks" name="test_per_entry_uninverted_abl_diff_at_the_estimand" time="0.007" /><testcase classname="tests.test_common_masks" name="test_control_30_estimand_missing_stamp_fails" time="0.000" /><testcase classname="tests.test_common_masks" name="test_control_30_estimand_stamp_disagreeing_with_mask_fails" time="0.007" /><testcase classname="tests.test_common_masks" name="test_inverted_orientation_and_pooled_weighting_are_refused_as_fields" time="0.000" /><testcase classname="tests.test_common_masks" name="test_must_not_fire_all_dec_stamps_vs_dec_mask_pass" time="0.101" /><testcase classname="tests.test_common_masks" name="test_control_18_receipt_absent_raises" time="0.058" /><testcase classname="tests.test_common_masks" name="test_controls_19_21_hash_mismatch_and_detected_second_write" time="0.060" /><testcase classname="tests.test_common_masks" name="test_control_20_receipt_not_preceding_the_call_raises" time="0.057" /><testcase classname="tests.test_common_masks" name="test_control_23_no_access_record_refuses" time="0.061" /><testcase classname="tests.test_common_masks" name="test_containment_fields_absent_refuses_fail_closed" time="0.081" /><testcase classname="tests.test_common_masks" name="test_containment_manifest_hash_mismatch_refuses" time="0.060" /><testcase classname="tests.test_common_masks" name="test_containment_mask_not_in_bundle_refuses" time="0.060" /><testcase classname="tests.test_common_masks" name="test_control_22_day1_row_in_the_locked_scored_set_raises" time="0.065" /><testcase classname="tests.test_common_masks" name="test_scored_window_statement_reproduces_d28_verbatim" time="0.000" /><testcase classname="tests.test_common_masks" name="test_dec_estimand_without_locked_context_refuses" time="0.064" /><testcase classname="tests.test_common_masks" name="test_dec_estimand_passes_only_with_full_locked_context" time="0.094" /><testcase classname="tests.test_common_masks" name="test_rec15_full_window_fixture_passes_and_evidences_its_own_denominator" time="0.063" /><testcase classname="tests.test_common_masks" name="test_rec15_scored_set_short_of_the_stated_window_refuses" time="0.061" /><testcase classname="tests.test_common_masks" name="test_rec15_counters_disagreeing_with_the_masked_rows_refuse" time="0.061" /><testcase classname="tests.test_common_masks" name="test_rec15_residual_member_absence_absorbed_by_exclusion_counts_is_not_caught" time="0.061" /><testcase classname="tests.test_common_masks" name="test_access_record_containment_fields_are_additive_and_optional" time="0.000" /><testcase classname="tests.test_common_masks" name="test_open_restricted_populates_containment_fields_from_manifest" time="0.010" /><testcase classname="tests.test_common_masks" name="test_must_not_fire_coverage_audit_purpose_passes_its_own_door" time="0.009" /><testcase classname="tests.test_common_masks" name="test_control_24_incomplete_emission_refused_per_declared_set" time="0.007" /><testcase classname="tests.test_common_masks" name="test_artifact_complete_with_beats_model_and_statement" time="0.007" /><testcase classname="tests.test_common_masks" name="test_beats_model_true_when_the_benchmark_wins" time="0.007" /><testcase classname="tests.test_common_masks" name="test_control_25_missing_tec06_sentence_fails" time="0.007" /><testcase classname="tests.test_common_masks" name="test_control_27_missing_beats_model_fails" time="0.007" /><testcase classname="tests.test_common_masks" name="test_phase2_statement_tampering_fails" time="0.007" /><testcase classname="tests.test_common_masks" name="test_control_26_gim_comparison_without_registered_audit_fails" time="0.007" /><testcase classname="tests.test_common_masks" name="test_control_32_audit_after_comparator_containment_fails" time="0.008" /><testcase classname="tests.test_common_masks" name="test_gim_disclosure_happy_path_carries_flag_and_containment" time="0.008" /><testcase classname="tests.test_common_masks" name="test_metrics_artifact_write_is_refuse_to_overwrite" time="0.011" /><testcase classname="tests.test_common_masks" name="test_rec19_real_producer_output_flows_through_the_real_consumers" time="0.017" /><testcase classname="tests.test_common_masks" name="test_rec19_producer_without_a_lineage_object_emits_no_units_and_the_consumer_says_so" time="0.007" /><testcase classname="tests.test_common_masks" name="test_rec19_units_from_a_foreign_target_lineage_refuses" time="0.007" /><testcase classname="tests.test_common_masks" name="test_rec20_budget_contract_mismatch_names_every_missing_field_at_once" time="0.008" /><testcase classname="tests.test_common_masks" name="test_fresh_subclass_lands_the_aborted_row_via_the_stage_entry_catch" time="0.011" /><testcase classname="tests.test_common_masks" name="test_src_evaluation_never_imports_features_models_and_defers_external" time="0.081" /><testcase classname="tests.test_common_masks" name="test_script_07_imports_no_features_models_or_external_and_names_no_restricted_root" time="0.011" /><testcase classname="tests.test_common_masks" name="test_dec_entry_in_script_07_routes_only_through_the_two_guards" time="0.001" /><testcase classname="tests.test_common_masks" name="test_prediction_from_payload_round_trips_the_eight_fields" time="0.001" /><testcase classname="tests.test_common_masks" name="test_mask_id_recompute_is_pure_over_content" time="0.001" /><testcase classname="tests.test_december_audit" name="test_nine_field_entry_passes" time="0.000" /><testcase classname="tests.test_december_audit" name="test_missing_field_failure_names_entry_and_field" time="0.000" /><testcase classname="tests.test_december_audit" name="test_fewer_than_nine_fields_fails_naming_every_missing_field" time="0.000" /><testcase classname="tests.test_december_audit" name="test_release_hash_mismatch_fails" time="0.009" /><testcase classname="tests.test_december_audit" name="test_verbatim_notice_absent_fails" time="0.000" /><testcase classname="tests.test_december_audit" name="test_paraphrased_notice_fails_and_verbatim_passes" time="0.000" /><testcase classname="tests.test_december_audit" name="test_write_source_inventory_enforces_notices_and_writes" time="0.006" /><testcase classname="tests.test_december_audit" name="test_source_inventory_refuses_an_empty_identity_stamp[phase_id]" time="0.004" /><testcase classname="tests.test_december_audit" name="test_source_inventory_refuses_an_empty_identity_stamp[source_id]" time="0.004" /><testcase classname="tests.test_december_audit" name="test_source_inventory_refuses_an_empty_identity_stamp[target_definition_id]" time="0.004" /><testcase classname="tests.test_december_audit" name="test_inventory_refuses_credential_shaped_values" time="0.004" /><testcase classname="tests.test_december_audit" name="test_matching_schema_yields_self_contained_report" time="0.000" /><testcase classname="tests.test_december_audit" name="test_renamed_parameter_fails" time="0.000" /><testcase classname="tests.test_december_audit" name="test_changed_unit_fails" time="0.000" /><testcase classname="tests.test_december_audit" name="test_altered_fill_value_fails" time="0.000" /><testcase classname="tests.test_december_audit" name="test_broken_utc_cadence_fails" time="0.000" /><testcase classname="tests.test_december_audit" name="test_non_utc_timestamp_fails" time="0.000" /><testcase classname="tests.test_december_audit" name="test_duplicate_timestamp_fails" time="0.000" /><testcase classname="tests.test_december_audit" name="test_modified_expected_schema_changes_the_digest" time="0.000" /><testcase classname="tests.test_december_audit" name="test_absent_prepared_schema_is_a_stop_and_report" time="0.000" /><testcase classname="tests.test_december_audit" name="test_eleven_month_declaration_fails_before_any_read" time="0.000" /><testcase classname="tests.test_december_audit" name="test_short_december_day_range_fails" time="0.001" /><testcase classname="tests.test_december_audit" name="test_omitted_cell_fails" time="0.000" /><testcase classname="tests.test_december_audit" name="test_omitted_artifact_class_fails" time="0.000" /><testcase classname="tests.test_december_audit" name="test_reference_scope_refuses_while_stations_are_tbd" time="0.000" /><testcase classname="tests.test_december_audit" name="test_reference_scope_derives_classes_from_the_inventory" time="0.000" /><testcase classname="tests.test_december_audit" name="test_audit_run_id_format_is_unique_per_attempt" time="0.001" /><testcase classname="tests.test_december_audit" name="test_locked_evaluation_purpose_is_refused" time="0.000" /><testcase classname="tests.test_december_audit" name="test_limb_and_purpose_are_paired_not_interchangeable" time="0.000" /><testcase classname="tests.test_december_audit" name="test_each_limb_binds_its_literal" time="0.000" /><testcase classname="tests.test_december_audit" name="test_ordinary_path_is_read_directly_and_never_logged" time="0.006" /><testcase classname="tests.test_december_audit" name="test_restricted_class_read_is_logged_before_and_placeholder_is_gone" time="0.012" /><testcase classname="tests.test_december_audit" name="test_december_bearing_class_outside_root_is_a_stop_and_report" time="0.006" /><testcase classname="tests.test_december_audit" name="test_ordinary_class_inside_root_is_a_stop_and_report" time="0.005" /><testcase classname="tests.test_december_audit" name="test_ordinary_read_carrying_a_locked_month_record_stops_and_reports" time="0.004" /><testcase classname="tests.test_december_audit" name="test_restricted_routed_artifact_with_no_locked_record_also_disagrees" time="0.004" /><testcase classname="tests.test_december_audit" name="test_month_attribution_follows_the_timestamp_not_the_directory" time="0.000" /><testcase classname="tests.test_december_audit" name="test_out_of_year_records_are_excluded_from_every_per_month_statistic" time="0.000" /><testcase classname="tests.test_december_audit" name="test_unparseable_record_timestamp_fails_closed" time="0.000" /><testcase classname="tests.test_december_audit" name="test_absent_provenance_class_is_a_stop_and_report_never_an_uncaveated_figure" time="0.001" /><testcase classname="tests.test_december_audit" name="test_unknown_provenance_class_is_refused" time="0.000" /><testcase classname="tests.test_december_audit" name="test_caveat_populated_for_derived_only_and_absent_for_full" time="0.000" /><testcase classname="tests.test_december_audit" name="test_coverage_figures_carry_the_caveat_for_derived_only_months" time="0.000" /><testcase classname="tests.test_december_audit" name="test_caveatless_derived_only_figure_fails" time="0.000" /><testcase classname="tests.test_december_audit" name="test_performance_figure_in_a_report_fails" time="0.000" /><testcase classname="tests.test_december_audit" name="test_clean_report_is_performance_blind" time="0.000" /><testcase classname="tests.test_december_audit" name="test_reconciliation_3a_is_per_run_id" time="0.005" /><testcase classname="tests.test_december_audit" name="test_reconciliation_3a_mismatch_fails" time="0.005" /><testcase classname="tests.test_december_audit" name="test_reconciliation_3b_covers_all_twelve_months_december_included" time="0.005" /><testcase classname="tests.test_december_audit" name="test_event_wholly_outside_the_scored_set_is_reported_separately_not_tallied" time="0.000" /><testcase classname="tests.test_december_audit" name="test_regime_report_without_its_day_range_fails" time="0.000" /><testcase classname="tests.test_december_audit" name="test_interrupted_audit_leaves_no_report_while_rows_stand" time="0.005" /><testcase classname="tests.test_december_audit" name="test_consistent_audit_writes_both_reports" time="0.007" /><testcase classname="tests.test_december_audit" name="test_audit_reports_refuse_an_empty_identity_stamp[phase_id]" time="0.005" /><testcase classname="tests.test_december_audit" name="test_audit_reports_refuse_an_empty_identity_stamp[source_id]" time="0.005" /><testcase classname="tests.test_december_audit" name="test_audit_reports_refuse_an_empty_identity_stamp[target_definition_id]" time="0.005" /><testcase classname="tests.test_december_audit" name="test_gp1a_thresholds_are_read_from_config_never_inlined" time="0.000" /><testcase classname="tests.test_december_audit" name="test_passing_day_rule_but_failing_hourly_gate_fails_the_verdict" time="0.000" /><testcase classname="tests.test_december_audit" name="test_both_thresholds_passing_yields_pass_with_attribution" time="0.000" /><testcase classname="tests.test_december_audit" name="test_verdict_with_no_measured_figure_fails" time="0.000" /><testcase classname="tests.test_december_audit" name="test_figure_without_d_number_attribution_fails" time="0.000" /><testcase classname="tests.test_december_audit" name="test_record_omitting_d2_disclosure_fails" time="0.000" /><testcase classname="tests.test_december_audit" name="test_derived_only_record_entry_without_caveat_fails" time="0.000" /><testcase classname="tests.test_december_audit" name="test_removing_any_one_of_the_four_prohibition_results_fails_the_gate" time="0.000" /><testcase classname="tests.test_december_audit" name="test_a_non_passing_prohibition_result_fails_by_name" time="0.000" /><testcase classname="tests.test_december_audit" name="test_injected_imputed_value_fails" time="0.001" /><testcase classname="tests.test_december_audit" name="test_injected_mixed_source_artifact_fails" time="0.000" /><testcase classname="tests.test_december_audit" name="test_audit_entry_point_refuses_naming_blk07" time="0.001" /><testcase classname="tests.test_december_audit" name="test_optionb_01_fixture_runs_read_no_month_records" time="0.003" /><testcase classname="tests.test_december_audit" name="test_provider_version_token_reads_the_suffix_and_never_guesses" time="0.000" /><testcase classname="tests.test_december_audit" name="test_census_measures_the_mix_per_month_and_per_day" time="0.001" /><testcase classname="tests.test_december_audit" name="test_a_single_version_month_is_clean_and_an_unrecorded_mix_is_refused" time="0.001" /><testcase classname="tests.test_december_audit" name="test_census_refuses_a_path_inside_the_restricted_root" time="0.009" /><testcase classname="tests.test_december_audit" name="test_stage01_inventory_invokes_the_census_and_the_nine_field_check" time="0.004" /><testcase classname="tests.test_december_audit" name="test_stage01_audit_invokes_the_silent_imputation_prohibition" time="0.003" /><testcase classname="tests.test_december_audit" name="test_stage01_schema_validation_path_invokes_the_w5_guards" time="0.002" /><testcase classname="tests.test_december_audit" name="test_performance_blind_control_discloses_that_it_is_a_key_name_filter" time="0.000" /><testcase classname="tests.test_december_audit" name="test_inventory_record_dates_are_attributed_in_utc_not_locally" time="0.000" /><testcase classname="tests.test_determinism" name="test_repository_configs_exist_and_parse" time="0.102" /><testcase classname="tests.test_determinism" name="test_no_config_value_parses_as_an_absolute_path" time="0.098" /><testcase classname="tests.test_determinism" name="test_relocating_the_workspace_leaves_governed_hashes_unchanged" time="0.030" /><testcase classname="tests.test_determinism" name="test_an_absolute_root_in_a_config_is_refused" time="0.012" /><testcase classname="tests.test_determinism" name="test_duplicate_yaml_key_is_an_integrity_failure" time="0.011" /><testcase classname="tests.test_determinism" name="test_missing_config_file_is_named" time="0.011" /><testcase classname="tests.test_determinism" name="test_invalid_phase_is_refused" time="0.008" /><testcase classname="tests.test_determinism" name="test_snapshot_is_verbatim" time="0.042" /><testcase classname="tests.test_determinism" name="test_governed_hash_mismatch_terminates_naming_file_and_expectation" time="0.027" /><testcase classname="tests.test_determinism" name="test_assert_no_tbd_fires_on_a_planted_sentinel" time="0.023" /><testcase classname="tests.test_determinism" name="test_assert_no_tbd_collects_every_offender_and_absentees" time="0.018" /><testcase classname="tests.test_determinism" name="test_assert_no_tbd_passes_on_resolved_fields" time="0.017" /><testcase classname="tests.test_determinism" name="test_required_fields_map_has_no_silent_empty_default" time="0.000" /><testcase classname="tests.test_determinism" name="test_required_fields_map_completeness" time="0.092" /><testcase classname="tests.test_determinism" name="test_declared_source_that_does_not_resolve_is_a_failure" time="0.017" /><testcase classname="tests.test_determinism" name="test_declared_source_with_wrong_hash_is_a_failure" time="0.018" /><testcase classname="tests.test_determinism" name="test_declared_sources_pass_when_empty_and_when_resolving" time="0.018" /><testcase classname="tests.test_determinism" name="test_unknown_platform_raises_platform_error" time="0.000" /><testcase classname="tests.test_determinism" name="test_colab_markers_are_refused_not_defaulted" time="0.000" /><testcase classname="tests.test_determinism" name="test_kaggle_and_local_resolve" time="0.004" /><testcase classname="tests.test_determinism" name="test_resolve_returns_no_credential_value" time="0.004" /><testcase classname="tests.test_determinism" name="test_missing_credential_name_fails_early_by_name" time="0.000" /><testcase classname="tests.test_determinism" name="test_present_credential_names_pass_without_reading_values" time="0.000" /><testcase classname="tests.test_determinism" name="test_credential_name_map_is_declared_and_empty" time="0.000" /><testcase classname="tests.test_determinism" name="test_seed_everything_raises_when_tensorflow_already_initialised" time="0.018" /><testcase classname="tests.test_determinism" name="test_seed_everything_applies_the_frozen_development_seed" time="4.782" /><testcase classname="tests.test_determinism" name="test_seed_everything_refuses_a_missing_or_tbd_seed" time="0.398" /><testcase classname="tests.test_determinism" name="test_declared_vs_observed_mismatches_surface_both_ways" time="4.827" /><testcase classname="tests.test_determinism" name="test_reexec_establishes_pythonhashseed_and_records_exactly_one_run" time="0.738" /><testcase classname="tests.test_determinism" name="test_no_reexec_when_pythonhashseed_already_set" time="0.140" /><testcase classname="tests.test_determinism" name="test_reexec_child_failure_exit_code_propagates_to_caller" time="0.236" /><testcase classname="tests.test_determinism" name="test_reexec_child_success_exit_code_is_zero" time="0.225" /><testcase classname="tests.test_determinism" name="test_r05_platform_split_is_exact_in_source" time="0.017" /><testcase classname="tests.test_determinism" name="test_environment_lock_captures_eight_of_eight" time="5.140" /><testcase classname="tests.test_determinism" name="test_missing_requirements_file_is_an_integrity_failure" time="4.827" /><testcase classname="tests.test_determinism" name="test_incomplete_lock_fails_rather_than_completing_silently" time="5.193" /><testcase classname="tests.test_determinism" name="test_no_foundation_module_constructs_a_restricted_root_path" time="0.001" /><testcase classname="tests.test_determinism" name="test_every_foundation_module_has_a_purpose_inputs_rerun_docstring" time="0.013" /><testcase classname="tests.test_determinism" name="test_r01_enumeration_census_reconciles_every_derived_error_name" time="0.172" /><testcase classname="tests.test_determinism" name="test_the_census_reaches_every_name_in_r01s_enumeration" time="0.170" /><testcase classname="tests.test_determinism" name="test_r01s_fifteen_match_the_declaration_site" time="0.006" /><testcase classname="tests.test_determinism" name="test_census_catches_an_undisclosed_name" time="0.004" /><testcase classname="tests.test_determinism" name="test_census_accepts_a_name_disclosed_under_the_any_future_clause" time="0.004" /><testcase classname="tests.test_determinism" name="test_census_never_flags_a_name_in_r01s_enumeration" time="0.004" /><testcase classname="tests.test_determinism" name="test_census_unit_derivation_skips_a_directory_without_functional_design" time="0.005" /><testcase classname="tests.test_determinism" name="test_python_builtin_errors_are_excluded_from_the_census" time="0.005" /><testcase classname="tests.test_experiment_registry" name="test_unknown_status_is_refused" time="0.002" /><testcase classname="tests.test_experiment_registry" name="test_aborted_with_empty_reason_is_refused" time="0.002" /><testcase classname="tests.test_experiment_registry" name="test_the_vocabulary_is_exactly_four" time="0.002" /><testcase classname="tests.test_experiment_registry" name="test_each_missing_column_is_refused_and_named[run_id]" time="0.002" /><testcase classname="tests.test_experiment_registry" name="test_each_missing_column_is_refused_and_named[started_at_utc]" time="0.002" /><testcase classname="tests.test_experiment_registry" name="test_each_missing_column_is_refused_and_named[completed_at_utc]" time="0.003" /><testcase classname="tests.test_experiment_registry" name="test_each_missing_column_is_refused_and_named[status]" time="0.002" /><testcase classname="tests.test_experiment_registry" name="test_each_missing_column_is_refused_and_named[code_commit]" time="0.002" /><testcase classname="tests.test_experiment_registry" name="test_each_missing_column_is_refused_and_named[environment_lock_hash]" time="0.002" /><testcase classname="tests.test_experiment_registry" name="test_each_missing_column_is_refused_and_named[platform]" time="0.002" /><testcase classname="tests.test_experiment_registry" name="test_each_missing_column_is_refused_and_named[dataset_version]" time="0.002" /><testcase classname="tests.test_experiment_registry" name="test_each_missing_column_is_refused_and_named[fold_id]" time="0.002" /><testcase classname="tests.test_experiment_registry" name="test_each_missing_column_is_refused_and_named[mask_id]" time="0.002" /><testcase classname="tests.test_experiment_registry" name="test_each_missing_column_is_refused_and_named[feature_set_id]" time="0.002" /><testcase classname="tests.test_experiment_registry" name="test_each_missing_column_is_refused_and_named[model_id]" time="0.002" /><testcase classname="tests.test_experiment_registry" name="test_each_missing_column_is_refused_and_named[hyperparameters_json]" time="0.002" /><testcase classname="tests.test_experiment_registry" name="test_each_missing_column_is_refused_and_named[seed]" time="0.002" /><testcase classname="tests.test_experiment_registry" name="test_each_missing_column_is_refused_and_named[validation_metric_name]" time="0.002" /><testcase classname="tests.test_experiment_registry" name="test_each_missing_column_is_refused_and_named[validation_metric_value]" time="0.002" /><testcase classname="tests.test_experiment_registry" name="test_each_missing_column_is_refused_and_named[artifact_manifest_path]" time="0.002" /><testcase classname="tests.test_experiment_registry" name="test_each_missing_column_is_refused_and_named[prediction_hash]" time="0.002" /><testcase classname="tests.test_experiment_registry" name="test_each_missing_column_is_refused_and_named[locked_test_accessed]" time="0.002" /><testcase classname="tests.test_experiment_registry" name="test_each_missing_column_is_refused_and_named[notes]" time="0.002" /><testcase classname="tests.test_experiment_registry" name="test_unpopulated_required_column_is_refused[code_commit]" time="0.002" /><testcase classname="tests.test_experiment_registry" name="test_unpopulated_required_column_is_refused[environment_lock_hash]" time="0.002" /><testcase classname="tests.test_experiment_registry" name="test_prediction_hash_from_a_metric_computing_process_is_refused" time="0.006" /><testcase classname="tests.test_experiment_registry" name="test_prior_period_exposure_true_on_a_phase1_row_is_refused" time="0.002" /><testcase classname="tests.test_experiment_registry" name="test_caller_passed_exploratory_is_rejected" time="0.003" /><testcase classname="tests.test_experiment_registry" name="test_run_postdating_first_restricted_access_is_exploratory_on_the_row" time="0.006" /><testcase classname="tests.test_experiment_registry" name="test_run_predating_first_restricted_access_is_not_exploratory" time="0.006" /><testcase classname="tests.test_experiment_registry" name="test_g06_carveout_requires_the_runs_own_locked_evaluation_record" time="0.008" /><testcase classname="tests.test_experiment_registry" name="test_the_module_exposes_no_rewrite_or_delete_path" time="0.002" /><testcase classname="tests.test_experiment_registry" name="test_aborted_run_stays_visible_after_a_later_successful_run" time="0.012" /><testcase classname="tests.test_experiment_registry" name="test_every_row_carries_the_durability_stamp_on_an_uncharacterised_platform" time="0.005" /><testcase classname="tests.test_experiment_registry" name="test_field_order_puts_run_id_first" time="0.005" /><testcase classname="tests.test_experiment_registry" name="test_integrity_passes_on_a_legal_log" time="0.008" /><testcase classname="tests.test_experiment_registry" name="test_each_illegal_sequence_fails_the_integrity_test[events0-duplicate started]" time="0.004" /><testcase classname="tests.test_experiment_registry" name="test_each_illegal_sequence_fails_the_integrity_test[events1-repeated terminal]" time="0.003" /><testcase classname="tests.test_experiment_registry" name="test_each_illegal_sequence_fails_the_integrity_test[events2-no started row]" time="0.003" /><testcase classname="tests.test_experiment_registry" name="test_each_illegal_sequence_fails_the_integrity_test[events3-unknown status]" time="0.003" /><testcase classname="tests.test_experiment_registry" name="test_torn_final_record_is_reported_with_its_run_id_not_rejected" time="0.006" /><testcase classname="tests.test_experiment_registry" name="test_same_malformed_bytes_as_an_interior_line_are_rejected" time="0.003" /><testcase classname="tests.test_experiment_registry" name="test_a_row_reported_written_is_on_disk" time="0.005" /><testcase classname="tests.test_experiment_registry" name="test_abort_record_success_path" time="0.005" /><testcase classname="tests.test_experiment_registry" name="test_when_the_registry_write_itself_fails_both_failures_reach_stderr" time="0.003" /><testcase classname="tests.test_experiment_registry" name="test_unregistered_restricted_access_is_an_integrity_violation" time="0.006" /><testcase classname="tests.test_experiment_registry" name="test_flag_without_logged_access_is_an_integrity_violation" time="0.006" /><testcase classname="tests.test_experiment_registry" name="test_known_pre_guard_orphans_are_reported_with_reason_and_never_cleared" time="0.007" /><testcase classname="tests.test_experiment_registry" name="test_derived_csv_is_hashed_and_marked_derived" time="0.013" /><testcase classname="tests.test_external_drivers" name="test_trailing_mean_definitional_limb" time="0.001" /><testcase classname="tests.test_external_drivers" name="test_trailing_mean_future_independence_property" time="0.001" /><testcase classname="tests.test_external_drivers" name="test_shifted_input_shifts_output_with_it" time="0.001" /><testcase classname="tests.test_external_drivers" name="test_centered_mean_variant_is_caught_by_both_limbs" time="0.001" /><testcase classname="tests.test_external_drivers" name="test_trailing_mean_refuses_missing_window_day" time="0.001" /><testcase classname="tests.test_external_drivers" name="test_f107_previous_day_available_resolves" time="0.000" /><testcase classname="tests.test_external_drivers" name="test_f107_unavailable_with_tbd_composition_stops_naming_both_units" time="0.001" /><testcase classname="tests.test_external_drivers" name="test_f107_absent_composition_field_stops_identically" time="0.000" /><testcase classname="tests.test_external_drivers" name="test_f107_filled_composition_is_not_interpreted_here" time="0.001" /><testcase classname="tests.test_external_drivers" name="test_f107_ordinary_reuse_of_the_designated_value_is_not_carry_forward" time="0.001" /><testcase classname="tests.test_external_drivers" name="test_f107_missing_update_allows_three_clock_hours_inclusive_then_excludes" time="0.001" /><testcase classname="tests.test_external_drivers" name="test_f107_clock_starts_at_the_expected_instant_not_the_carried_value" time="0.000" /><testcase classname="tests.test_external_drivers" name="test_f107_frozen_composition_needs_the_configured_bound_and_refuses_other_vocab" time="0.001" /><testcase classname="tests.test_external_drivers" name="test_daily_median_is_the_median_of_slot_values_after_duplicate_averaging" time="0.000" /><testcase classname="tests.test_external_drivers" name="test_kp_selection_at_and_before_the_availability_boundary" time="0.001" /><testcase classname="tests.test_external_drivers" name="test_hp60_selection_at_and_before_the_availability_boundary" time="0.001" /><testcase classname="tests.test_external_drivers" name="test_lagged_selection_rejects_open_later_double_lag_and_wrong_source" time="0.001" /><testcase classname="tests.test_external_drivers" name="test_lagged_selection_composes_with_missing_data_and_carry_forward" time="0.001" /><testcase classname="tests.test_external_drivers" name="test_kp_aligns_only_within_its_own_interval" time="0.000" /><testcase classname="tests.test_external_drivers" name="test_kp_repeated_outside_interval_fails" time="0.000" /><testcase classname="tests.test_external_drivers" name="test_dst_shifted_to_neighbouring_hour_fails" time="0.000" /><testcase classname="tests.test_external_drivers" name="test_alignment_fails_even_when_carry_forward_is_satisfied" time="0.000" /><testcase classname="tests.test_external_drivers" name="test_carry_forward_within_bound_fills_and_records" time="0.000" /><testcase classname="tests.test_external_drivers" name="test_injected_four_hour_gap_excludes_the_row" time="0.000" /><testcase classname="tests.test_external_drivers" name="test_conservation_invariant_passes_on_recorded_fill" time="0.000" /><testcase classname="tests.test_external_drivers" name="test_vectorised_fill_missed_by_scan_and_caught_by_invariant" time="0.001" /><testcase classname="tests.test_external_drivers" name="test_conservation_count_mismatch_fails" time="0.000" /><testcase classname="tests.test_external_drivers" name="test_spaceweather_source_carries_no_interpolation_call" time="0.030" /><testcase classname="tests.test_external_drivers" name="test_scan_catches_direct_interpolate_call" time="0.000" /><testcase classname="tests.test_external_drivers" name="test_scan_catches_aliased_fill_that_a_textual_grep_passes" time="0.000" /><testcase classname="tests.test_external_drivers" name="test_scan_catches_getattr_dispatch_and_ignores_strings" time="0.000" /><testcase classname="tests.test_external_drivers" name="test_scan_catches_reindex_with_method_and_np_interp" time="0.000" /><testcase classname="tests.test_external_drivers" name="test_per_cell_join_shape_is_refused" time="0.001" /><testcase classname="tests.test_external_drivers" name="test_value_differing_across_cells_fails" time="0.001" /><testcase classname="tests.test_external_drivers" name="test_mixed_release_grades_fail_at_construction" time="0.000" /><testcase classname="tests.test_external_drivers" name="test_grade_eligibility_three_bars_and_the_permitted_use" time="0.001" /><testcase classname="tests.test_external_drivers" name="test_dst_is_diagnostic_only_whatever_its_grade" time="0.000" /><testcase classname="tests.test_external_drivers" name="test_unknown_grade_use_is_refused_not_defaulted" time="0.000" /><testcase classname="tests.test_external_drivers" name="test_provenance_field_omission_terminates" time="0.000" /><testcase classname="tests.test_external_drivers" name="test_status_inconsistent_with_product_identity_terminates" time="0.001" /><testcase classname="tests.test_external_drivers" name="test_missing_documented_absence_statement_terminates" time="0.000" /><testcase classname="tests.test_external_drivers" name="test_declared_status_only_never_reported_closed" time="0.000" /><testcase classname="tests.test_external_drivers" name="test_gfz_cross_assertion_catches_definitive_backfill" time="0.000" /><testcase classname="tests.test_external_drivers" name="test_manifest_stamps_every_series_and_names_missing_months" time="0.004" /><testcase classname="tests.test_external_drivers" name="test_manifest_refuses_entry_without_carried_forward_epochs" time="0.002" /><testcase classname="tests.test_external_drivers" name="test_stamp_helper_is_evidentiary" time="0.001" /><testcase classname="tests.test_external_drivers" name="test_rerun_byte_identical_passes_and_divergence_refuses" time="0.007" /><testcase classname="tests.test_external_drivers" name="test_gim_module_carries_no_tuning_call" time="0.002" /><testcase classname="tests.test_external_drivers" name="test_tuning_call_injection_is_caught" time="0.001" /><testcase classname="tests.test_external_drivers" name="test_script_missing_month_continues_and_names_which" time="5.034" /><testcase classname="tests.test_external_drivers" name="test_script_hash_mismatch_terminates_naming_file_and_expectation" time="4.727" /><testcase classname="tests.test_external_drivers" name="test_attempt_benchmark_refuses_without_validation_report" time="4.724" /><testcase classname="tests.test_external_drivers" name="test_attempt_comparator_refuses_while_q15_is_unset" time="4.782" /><testcase classname="tests.test_external_drivers" name="test_benchmark_tolerance_after_comparison_fails_on_ordering" time="4.789" /><testcase classname="tests.test_external_drivers" name="test_benchmark_missing_content_area_fails_field_by_field" time="5.245" /><testcase classname="tests.test_external_drivers" name="test_benchmark_fully_satisfied_injection_still_refuses_generation" time="4.757" /><testcase classname="tests.test_external_drivers" name="test_comparator_hand_check_after_generation_fails_on_ordering" time="4.771" /><testcase classname="tests.test_external_drivers" name="test_comparator_missing_overlap_audit_fails_on_ordering" time="4.706" /><testcase classname="tests.test_external_drivers" name="test_comparison_without_registered_audit_fails_on_existence" time="4.691" /><testcase classname="tests.test_external_drivers" name="test_comparison_report_emits_statements_and_flag_itself" time="4.773" /><testcase classname="tests.test_external_drivers" name="test_fixture_scoped_dst_audit_reads_only_in_window_evidence" time="0.008" /><testcase classname="tests.test_external_drivers" name="test_fixture_scoped_f107_accounting_is_window_bounded" time="0.006" /><testcase classname="tests.test_external_drivers" name="test_fixture_scoped_integrity_tier_neither_reads_nor_requires_out_of_window" time="0.009" /><testcase classname="tests.test_external_drivers" name="test_full_year_audit_behaviour_is_unchanged_without_a_fixture_scope" time="0.006" /><testcase classname="tests.test_external_drivers" name="test_fixture_declaration_derives_from_the_scope_never_the_full_year" time="0.085" /><testcase classname="tests.test_external_drivers" name="test_b01_verify_runtime_writes_identity_with_full_pins" time="4.054" /><testcase classname="tests.test_external_drivers" name="test_b01_verify_runtime_refuses_altered_index_file[apf107.dat]" time="0.567" /><testcase classname="tests.test_external_drivers" name="test_b01_verify_runtime_refuses_altered_index_file[ig_rz.dat]" time="0.570" /><testcase classname="tests.test_external_drivers" name="test_b01_verify_runtime_refuses_wrong_release_or_default" time="1.139" /><testcase classname="tests.test_external_drivers" name="test_b01_validation_report_records_the_hmf2_diagnostic_without_a_threshold" time="0.573" /><testcase classname="tests.test_external_drivers" name="test_b01_validation_report_passes_and_carries_seven_areas" time="0.568" /><testcase classname="tests.test_external_drivers" name="test_b01_validation_report_failed_is_written_and_blocks" time="0.593" /><testcase classname="tests.test_external_drivers" name="test_b01_validation_report_refuses_tbd_tolerance_and_late_declaration" time="1.152" /><testcase classname="tests.test_external_drivers" name="test_b01_validation_report_refuses_december_sample" time="0.631" /><testcase classname="tests.test_external_drivers" name="test_b01_generate_partial_month_end_to_end" time="0.644" /><testcase classname="tests.test_external_drivers" name="test_b01_generate_refuses_failed_report_and_mismatched_pins" time="0.592" /><testcase classname="tests.test_external_drivers" name="test_b01_generate_refuses_unresolved_stations" time="0.564" /><testcase classname="tests.test_external_drivers" name="test_b01_per_point_failure_is_recorded_not_fatal" time="0.637" /><testcase classname="tests.test_external_drivers" name="test_b01_config_block_is_the_annotated_d45_contract" time="0.039" /><testcase classname="tests.test_external_drivers" name="test_b01_verify_runtime_completes_at_subprocess_level" time="9.693" /><testcase classname="tests.test_external_drivers" name="test_ec1_audit_marks_a_complete_report_clean_and_an_incomplete_one_partial" time="0.001" /><testcase classname="tests.test_external_drivers" name="test_ec1_audit_marks_itself_derived_and_keeps_completeness_off_the_exit_code" time="0.002" /><testcase classname="tests.test_feature_availability" name="test_lags_block_tbd_refuses_naming_d_10_3" time="0.000" /><testcase classname="tests.test_feature_availability" name="test_window_fields_tbd_refuse" time="0.000" /><testcase classname="tests.test_feature_availability" name="test_matrix_records_six_fields_plus_anchor_and_latency_statement" time="0.001" /><testcase classname="tests.test_feature_availability" name="test_limb_1_publication_after_the_origin_fails_the_lag_assertion" time="0.001" /><testcase classname="tests.test_feature_availability" name="test_limb_1_actual_lag_below_safe_lag_fails" time="0.001" /><testcase classname="tests.test_feature_availability" name="test_limb_1_passes_when_every_lag_clears_and_records_status" time="0.001" /><testcase classname="tests.test_feature_availability" name="test_backfilled_final_grade_fails_where_provisional_was_required" time="0.001" /><testcase classname="tests.test_feature_availability" name="test_mixed_grades_within_one_series_are_refused" time="0.001" /><testcase classname="tests.test_feature_availability" name="test_missing_publication_without_a_statement_is_refused" time="0.001" /><testcase classname="tests.test_feature_availability" name="test_a_feature_without_driver_rows_is_refused_not_assumed" time="0.000" /><testcase classname="tests.test_feature_availability" name="test_empty_matrix_is_not_an_assertion" time="0.000" /><testcase classname="tests.test_feature_availability" name="test_limb_2_centered_window_fails" time="0.001" /><testcase classname="tests.test_feature_availability" name="test_limb_3_anchor_at_the_origin_day_fails_where_limbs_1_and_2_pass" time="0.000" /><testcase classname="tests.test_feature_availability" name="test_limb_3_correct_anchor_wrong_values_fails_on_the_recomputation" time="0.000" /><testcase classname="tests.test_feature_availability" name="test_limb_3_passes_on_the_correct_anchor_and_values" time="0.000" /><testcase classname="tests.test_feature_availability" name="test_limb_3_missing_window_day_stops_rather_than_fills" time="0.000" /><testcase classname="tests.test_feature_availability" name="test_limb_3_unrecorded_anchor_fails" time="0.000" /><testcase classname="tests.test_feature_availability" name="test_trailing_row_without_anchor_record_fails_lags_safe" time="0.000" /><testcase classname="tests.test_feature_availability" name="test_d25_rule_computes_next_day_midnight_availability" time="0.001" /><testcase classname="tests.test_feature_availability" name="test_d25_availability_instant_is_independent_of_the_origin_hour" time="0.001" /><testcase classname="tests.test_feature_availability" name="test_d25_same_day_anchoring_is_refused" time="0.001" /><testcase classname="tests.test_feature_availability" name="test_d25_future_looking_anchoring_is_refused" time="0.001" /><testcase classname="tests.test_feature_availability" name="test_d25_unknown_rule_kind_is_refused_at_config_read" time="0.001" /><testcase classname="tests.test_feature_availability" name="test_d25_rule_beside_a_scalar_lag_is_refused" time="0.000" /><testcase classname="tests.test_feature_availability" name="test_d25_rule_composes_with_a_trailing_window_only_for_that_rule" time="0.001" /><testcase classname="tests.test_feature_availability" name="test_d25_window_anchors_at_the_latest_available_day_for_every_origin_hour" time="0.005" /><testcase classname="tests.test_feature_availability" name="test_d25_window_end_day_across_month_and_year_boundaries" time="0.001" /><testcase classname="tests.test_feature_availability" name="test_d25_window_refuses_same_day_stale_and_unavailable_constituents" time="0.001" /><testcase classname="tests.test_feature_availability" name="test_d25_window_row_honours_a_later_publication_timestamp" time="0.001" /><testcase classname="tests.test_feature_availability" name="test_d25_constituent_availability_is_monotone_so_the_anchor_bounds_the_window" time="0.002" /><testcase classname="tests.test_feature_availability" name="test_trailing_window_membership_is_exactly_the_declared_days_ending_at_the_anchor" time="0.001" /><testcase classname="tests.test_feature_availability" name="test_real_fluxtable_carries_every_day_of_the_window_ending_before_2022" time="0.110" /><testcase classname="tests.test_feature_availability" name="test_interval_end_observation_timestamps_make_the_lag_a_post_completion_margin" time="0.002" /><testcase classname="tests.test_feature_availability" name="test_d47_tolerance_derivation_against_an_exact_reference_and_the_certified_domain" time="0.080" /><testcase classname="tests.test_feature_availability" name="test_a_rule_without_window_support_cannot_compose_with_a_window" time="0.001" /><testcase classname="tests.test_feature_availability" name="test_d25_scalar_path_of_the_anchor_limb_is_unchanged" time="0.001" /><testcase classname="tests.test_feature_availability" name="test_neither_scalar_nor_rule_is_refused_naming_both" time="0.000" /><testcase classname="tests.test_feature_availability" name="test_d25_later_publication_timestamp_still_governs" time="0.001" /><testcase classname="tests.test_feature_availability" name="test_scalar_features_keep_their_previous_rows_beside_a_rule_feature" time="0.001" /><testcase classname="tests.test_feature_availability" name="test_availability_lags_stays_fail_closed_with_a_rule_present" time="0.001" /><testcase classname="tests.test_feature_availability" name="test_lags_safe_refuses_a_negative_rule_lag_and_a_row_with_neither" time="0.000" /><testcase classname="tests.test_feature_availability" name="test_prepared_six_entry_availability_lags_load_without_error" time="0.017" /><testcase classname="tests.test_feature_availability" name="test_reader_enforces_d43_d44_reference_instant_and_selection_rule" time="0.001" /><testcase classname="tests.test_feature_availability" name="test_reader_enforces_d47_recomputation_input_bound" time="0.001" /><testcase classname="tests.test_feature_availability" name="test_build_availability_matrix_actually_applies_the_configured_input_bound" time="0.001" /><testcase classname="tests.test_feature_availability" name="test_config_declared_selection_mechanics_are_cross_checked_against_the_driver" time="0.908" /><testcase classname="tests.test_feature_availability" name="test_dst_declared_as_a_model_input_fails" time="0.000" /><testcase classname="tests.test_feature_availability" name="test_ssn_is_absent_from_src_identifiers_and_the_dictionary_rows" time="0.359" /><testcase classname="tests.test_feature_availability" name="test_dictionary_tbd_is_a_preflight_stop" time="0.000" /><testcase classname="tests.test_feature_availability" name="test_field_outside_the_dictionary_raises" time="0.000" /><testcase classname="tests.test_feature_availability" name="test_iri_field_injected_into_the_dictionary_raises" time="0.000" /><testcase classname="tests.test_feature_availability" name="test_raw_longitude_column_raises" time="0.001" /><testcase classname="tests.test_feature_availability" name="test_lag_name_must_match_its_declared_lag" time="0.000" /><testcase classname="tests.test_feature_availability" name="test_normalization_must_be_declared" time="0.000" /><testcase classname="tests.test_feature_availability" name="test_permitted_producers_tbd_names_every_row_lacking_an_entry" time="0.000" /><testcase classname="tests.test_feature_availability" name="test_permitted_producers_incomplete_names_only_the_missing_rows" time="0.000" /><testcase classname="tests.test_feature_availability" name="test_permitted_producers_real_features_yaml_carries_exactly_the_contract_fixed_rows" time="0.016" /><testcase classname="tests.test_feature_availability" name="test_permitted_producers_still_fails_closed_on_every_deferred_driver_row" time="0.107" /><testcase classname="tests.test_feature_availability" name="test_permitted_producers_admit_no_removed_or_iri_or_longitude_row" time="0.001" /><testcase classname="tests.test_feature_availability" name="test_permitted_producers_row_outside_dictionary_refused" time="0.000" /><testcase classname="tests.test_feature_availability" name="test_build_features_refuses_at_the_producer_list_before_producing_anything" time="0.001" /><testcase classname="tests.test_feature_availability" name="test_support_field_without_approval_is_not_in_the_feature_set_at_all" time="0.290" /><testcase classname="tests.test_feature_availability" name="test_target_hour_quality_field_is_permanently_forbidden_even_when_approved" time="0.010" /><testcase classname="tests.test_feature_availability" name="test_approval_recorded_after_the_freeze_fails_on_ordering" time="0.010" /><testcase classname="tests.test_feature_availability" name="test_approval_without_id_or_timestamp_fails_separately" time="0.020" /><testcase classname="tests.test_feature_availability" name="test_support_read_at_hour_t_fails" time="0.010" /><testcase classname="tests.test_feature_availability" name="test_approved_lagged_support_field_enters_with_its_provenance" time="0.285" /><testcase classname="tests.test_feature_availability" name="test_window_length_tbd_or_disagreeing_with_the_dictionary_fails" time="0.001" /><testcase classname="tests.test_feature_availability" name="test_window_length_placed_in_a_grid_fails" time="0.001" /><testcase classname="tests.test_feature_availability" name="test_one_definition_emits_both_representations_and_counts_exclusions" time="0.001" /><testcase classname="tests.test_feature_availability" name="test_lag_beyond_the_window_cannot_come_from_one_definition" time="0.000" /><testcase classname="tests.test_feature_availability" name="test_parity_value_limb_stops_naming_the_te_15_2_field_when_tolerance_is_unset" time="0.000" /><testcase classname="tests.test_feature_availability" name="test_parity_shape_then_value_failures_are_distinguished" time="0.000" /><testcase classname="tests.test_feature_availability" name="test_build_features_happy_path_stamps_provenance_equal_to_columns" time="0.380" /><testcase classname="tests.test_feature_availability" name="test_three_call_sequence_fits_then_transforms_both_representations" time="0.722" /><testcase classname="tests.test_feature_availability" name="test_unpermitted_producer_for_a_row_is_refused" time="0.267" /><testcase classname="tests.test_feature_availability" name="test_absent_provenance_on_an_input_fails" time="0.220" /><testcase classname="tests.test_feature_availability" name="test_driver_without_an_availability_row_is_refused" time="0.010" /><testcase classname="tests.test_feature_availability" name="test_lagged_safe_series_passes_through_build_features_with_no_second_lag" time="1.354" /><testcase classname="tests.test_feature_availability" name="test_driver_repeated_outside_its_interval_raises_alignment_error" time="0.213" /><testcase classname="tests.test_feature_availability" name="test_station_fields_are_blocked_by_an_unresolved_registry" time="0.010" /><testcase classname="tests.test_feature_availability" name="test_carry_forward_bound_tbd_refuses" time="0.108" /><testcase classname="tests.test_feature_availability" name="test_score_spec_exceeding_the_validation_month_raises" time="0.010" /><testcase classname="tests.test_feature_availability" name="test_comparison_mask_is_the_intersection_with_three_stamps" time="0.001" /><testcase classname="tests.test_feature_availability" name="test_no_iri_or_gim_import_under_src_features" time="0.003" /><testcase classname="tests.test_feature_leakage_guards" name="test_harness_happy_path_builds_so_every_mutant_below_isolates_one_change" time="0.014" /><testcase classname="tests.test_feature_leakage_guards" name="test_ta33_a_field_outside_the_dictionary_is_refused_at_the_builder[ta33-row-outside-the-closed-table]" time="0.001" /><testcase classname="tests.test_feature_leakage_guards" name="test_ta33_a_field_outside_the_dictionary_is_refused_at_the_builder[ta33-iri-prefixed-field-on-a-legitimate-row]" time="0.001" /><testcase classname="tests.test_feature_leakage_guards" name="test_ta33_a_field_outside_the_dictionary_is_refused_at_the_builder[ta33-canonical-iri2016-name-on-the-unconstrained-support-row]" time="0.001" /><testcase classname="tests.test_featu
[...]
sing_one_axis_is_refused[by_split]" time="0.008" /><testcase classname="tests.test_release_contract" name="test_row_counts_missing_one_axis_is_refused[by_qc_stage]" time="0.008" /><testcase classname="tests.test_release_contract" name="test_the_station_only_row_counts_shape_the_board_found_is_refused" time="0.007" /><testcase classname="tests.test_release_contract" name="test_an_empty_row_count_axis_is_refused[by_station]" time="0.008" /><testcase classname="tests.test_release_contract" name="test_an_empty_row_count_axis_is_refused[by_month]" time="0.008" /><testcase classname="tests.test_release_contract" name="test_an_empty_row_count_axis_is_refused[by_split]" time="0.008" /><testcase classname="tests.test_release_contract" name="test_an_empty_row_count_axis_is_refused[by_qc_stage]" time="0.008" /><testcase classname="tests.test_release_contract" name="test_a_non_integer_row_count_is_refused" time="0.008" /><testcase classname="tests.test_release_contract" name="test_an_exclusion_entry_missing_reason_or_count_is_refused[reason]" time="0.008" /><testcase classname="tests.test_release_contract" name="test_an_exclusion_entry_missing_reason_or_count_is_refused[count]" time="0.010" /><testcase classname="tests.test_release_contract" name="test_an_exclusion_summary_that_is_a_bare_total_is_refused" time="0.009" /><testcase classname="tests.test_release_contract" name="test_both_accepted_exclusion_shapes_pass" time="0.018" /><testcase classname="tests.test_release_contract" name="test_an_output_files_key_that_escapes_the_release_is_refused[/etc/passwd]" time="0.008" /><testcase classname="tests.test_release_contract" name="test_an_output_files_key_that_escapes_the_release_is_refused[../outside.csv]" time="0.008" /><testcase classname="tests.test_release_contract" name="test_an_output_files_key_that_escapes_the_release_is_refused[nested/../../outside.csv]" time="0.010" /><testcase classname="tests.test_release_contract" name="test_an_output_files_key_that_escapes_the_release_is_refused[C:\\Windows\\system32\\drivers\\etc\\hosts]" time="0.010" /><testcase classname="tests.test_release_contract" name="test_an_output_files_key_that_escapes_the_release_is_refused[\\\\server\\share\\outside.csv]" time="0.010" /><testcase classname="tests.test_release_contract" name="test_verify_release_reports_a_content_short_manifest_rather_than_raising" time="0.016" /><testcase classname="tests.test_release_contract" name="test_second_write_to_an_occupied_directory_is_refused" time="0.016" /><testcase classname="tests.test_release_contract" name="test_refusal_fires_before_any_content_is_examined" time="0.013" /><testcase classname="tests.test_release_contract" name="test_dataset_version_is_the_first_twelve_hex_of_content_hash" time="0.012" /><testcase classname="tests.test_release_contract" name="test_a_supplied_wrong_dataset_version_is_refused" time="0.009" /><testcase classname="tests.test_release_contract" name="test_a_supplied_correct_dataset_version_is_also_refused" time="0.008" /><testcase classname="tests.test_release_contract" name="test_identical_content_yields_an_identical_label" time="0.020" /><testcase classname="tests.test_release_contract" name="test_different_content_yields_a_different_label" time="0.020" /><testcase classname="tests.test_release_contract" name="test_prefix_collision_on_different_content_is_refused" time="0.014" /><testcase classname="tests.test_release_contract" name="test_same_prefix_with_same_content_is_not_a_collision" time="0.018" /><testcase classname="tests.test_release_contract" name="test_collision_bound_is_recorded_and_matches_d29" time="0.006" /><testcase classname="tests.test_release_contract" name="test_declared_output_file_absent_is_refused" time="0.008" /><testcase classname="tests.test_release_contract" name="test_output_file_hash_mismatch_is_refused" time="0.010" /><testcase classname="tests.test_release_contract" name="test_empty_output_files_is_refused" time="0.008" /><testcase classname="tests.test_release_contract" name="test_verify_release_is_clean_for_a_good_release" time="0.014" /><testcase classname="tests.test_release_contract" name="test_verify_release_reports_a_mutated_artifact" time="0.017" /><testcase classname="tests.test_release_contract" name="test_sha256_helper_agrees_with_hashlib" time="0.011" /><testcase classname="tests.test_reuse_registry" name="test_the_field_set_is_exactly_the_fifteen_of_te_10_1" time="0.001" /><testcase classname="tests.test_reuse_registry" name="test_a_row_blank_on_any_field_is_refused[reuse_id]" time="0.001" /><testcase classname="tests.test_reuse_registry" name="test_a_row_blank_on_any_field_is_refused[repository_url]" time="0.001" /><testcase classname="tests.test_reuse_registry" name="test_a_row_blank_on_any_field_is_refused[commit_or_tag]" time="0.001" /><testcase classname="tests.test_reuse_registry" name="test_a_row_blank_on_any_field_is_refused[upstream_reference]" time="0.001" /><testcase classname="tests.test_reuse_registry" name="test_a_row_blank_on_any_field_is_refused[retrieval_date]" time="0.001" /><testcase classname="tests.test_reuse_registry" name="test_a_row_blank_on_any_field_is_refused[licence_spdx_id]" time="0.001" /><testcase classname="tests.test_reuse_registry" name="test_a_row_blank_on_any_field_is_refused[copied_or_adapted]" time="0.001" /><testcase classname="tests.test_reuse_registry" name="test_a_row_blank_on_any_field_is_refused[destination_file]" time="0.001" /><testcase classname="tests.test_reuse_registry" name="test_a_row_blank_on_any_field_is_refused[scientific_purpose]" time="0.002" /><testcase classname="tests.test_reuse_registry" name="test_a_row_blank_on_any_field_is_refused[modifications]" time="0.001" /><testcase classname="tests.test_reuse_registry" name="test_a_row_blank_on_any_field_is_refused[tests]" time="0.001" /><testcase classname="tests.test_reuse_registry" name="test_a_row_blank_on_any_field_is_refused[original_citation]" time="0.001" /><testcase classname="tests.test_reuse_registry" name="test_a_row_blank_on_any_field_is_refused[notice_location]" time="0.001" /><testcase classname="tests.test_reuse_registry" name="test_a_row_blank_on_any_field_is_refused[reviewer]" time="0.001" /><testcase classname="tests.test_reuse_registry" name="test_a_row_blank_on_any_field_is_refused[approval_date]" time="0.001" /><testcase classname="tests.test_reuse_registry" name="test_copied_or_adapted_is_a_closed_vocabulary" time="0.001" /><testcase classname="tests.test_reuse_registry" name="test_a_short_row_written_by_hand_is_refused_at_load" time="0.010" /><testcase classname="tests.test_reuse_registry" name="test_an_unparseable_register_line_is_a_failure" time="0.008" /><testcase classname="tests.test_reuse_registry" name="test_a_marked_module_with_no_register_row_is_use_before_registration" time="0.009" /><testcase classname="tests.test_reuse_registry" name="test_a_registered_marked_module_passes_and_the_population_is_returned" time="0.013" /><testcase classname="tests.test_reuse_registry" name="test_the_marker_scan_finds_marked_and_ignores_unmarked" time="0.010" /><testcase classname="tests.test_reuse_registry" name="test_the_real_tree_carries_no_unregistered_reuse" time="0.026" /><testcase classname="tests.test_reuse_registry" name="test_registering_appends_and_never_rewrites" time="0.016" /><testcase classname="tests.test_reuse_registry" name="test_a_duplicated_reuse_id_is_refused_at_load" time="0.016" /><testcase classname="tests.test_reuse_registry" name="test_reimplementation_default_and_agplv3_dependency_are_stated_in_the_docstring" time="0.001" /><testcase classname="tests.test_reuse_registry" name="test_reuse_error_derives_from_integrity_error" time="0.001" /><testcase classname="tests.test_split_embargo" name="test_partitions_block_absent_refuses_naming_the_field" time="0.001" /><testcase classname="tests.test_split_embargo" name="test_partitions_block_tbd_refuses" time="0.001" /><testcase classname="tests.test_split_embargo" name="test_embargo_hours_tbd_refuses" time="0.001" /><testcase classname="tests.test_split_embargo" name="test_a_missing_bound_or_kind_refuses[train_start]" time="0.001" /><testcase classname="tests.test_split_embargo" name="test_a_missing_bound_or_kind_refuses[train_end]" time="0.001" /><testcase classname="tests.test_split_embargo" name="test_a_missing_bound_or_kind_refuses[kind]" time="0.001" /><testcase classname="tests.test_split_embargo" name="test_real_repository_configs_carry_the_d38_transcription" time="0.133" /><testcase classname="tests.test_split_embargo" name="test_build_partitions_returns_exactly_six_in_the_closed_order" time="0.001" /><testcase classname="tests.test_split_embargo" name="test_only_the_refit_carries_no_validation_month" time="0.001" /><testcase classname="tests.test_split_embargo" name="test_both_bounds_are_read_from_configuration" time="0.001" /><testcase classname="tests.test_split_embargo" name="test_partition_dataclass_has_no_embargo_default" time="0.001" /><testcase classname="tests.test_split_embargo" name="test_split_manifest_enumerates_exactly_five_and_never_dec" time="0.001" /><testcase classname="tests.test_split_embargo" name="test_six_row_manifest_fails" time="0.001" /><testcase classname="tests.test_split_embargo" name="test_four_row_manifest_fails" time="0.001" /><testcase classname="tests.test_split_embargo" name="test_omitting_a_folds_excluded_count_fails" time="0.001" /><testcase classname="tests.test_split_embargo" name="test_locked_record_is_separate_and_names_the_gate_state" time="0.001" /><testcase classname="tests.test_split_embargo" name="test_dec_train_end_must_equal_refit_train_end" time="0.001" /><testcase classname="tests.test_split_embargo" name="test_two_evaluation_roles_for_one_month_fails" time="0.001" /><testcase classname="tests.test_split_embargo" name="test_a_month_with_no_role_fails" time="0.001" /><testcase classname="tests.test_split_embargo" name="test_validation_month_inside_training_range_fails" time="0.001" /><testcase classname="tests.test_split_embargo" name="test_non_contiguous_fold_fails" time="0.001" /><testcase classname="tests.test_split_embargo" name="test_kind_disagreeing_with_id_fails" time="0.001" /><testcase classname="tests.test_split_embargo" name="test_seventh_partition_id_is_refused" time="0.001" /><testcase classname="tests.test_split_embargo" name="test_refit_with_a_validation_month_fails" time="0.001" /><testcase classname="tests.test_split_embargo" name="test_partition_by_id_refuses_an_unknown_id" time="0.001" /><testcase classname="tests.test_split_embargo" name="test_embargo_window_is_the_first_embargo_hours_of_the_validation_month" time="0.001" /><testcase classname="tests.test_split_embargo" name="test_embargo_rows_are_excluded_and_counted" time="0.001" /><testcase classname="tests.test_split_embargo" name="test_apply_embargo_returns_the_count_beside_the_frame" time="0.001" /><testcase classname="tests.test_split_embargo" name="test_embargo_on_the_refit_is_refused" time="0.001" /><testcase classname="tests.test_split_embargo" name="test_no_window_crosses_a_boundary" time="0.002" /><testcase classname="tests.test_split_embargo" name="test_membership_passes_rows_inside_the_declared_range" time="0.001" /><testcase classname="tests.test_split_embargo" name="test_membership_raises_on_a_row_filed_under_the_wrong_partition" time="0.001" /><testcase classname="tests.test_split_embargo" name="test_membership_score_role_uses_the_validation_month" time="0.001" /><testcase classname="tests.test_split_embargo" name="test_membership_derives_nothing_a_nested_row_passes_every_containing_partition" time="0.002" /><testcase classname="tests.test_split_embargo" name="test_membership_refuses_an_unknown_role_and_a_missing_column" time="0.001" /><testcase classname="tests.test_split_embargo" name="test_no_sklearn_splitter_and_no_calendar_constant_in_splits_source" time="0.001" /><testcase classname="tests.test_station_registry" name="test_load_registry_refuses_while_stations_are_tbd" time="0.006" /><testcase classname="tests.test_station_registry" name="test_load_registry_refuses_unresolved_cell_rule" time="0.006" /><testcase classname="tests.test_station_registry" name="test_load_registry_refuses_unknown_cell_rule_identifier" time="0.006" /><testcase classname="tests.test_station_registry" name="test_absent_igrf_version_fails_and_never_falls_back" time="0.007" /><testcase classname="tests.test_station_registry" name="test_tbd_igrf_version_refused" time="0.006" /><testcase classname="tests.test_station_registry" name="test_load_registry_builds_from_a_complete_synthetic_transcription" time="0.006" /><testcase classname="tests.test_station_registry" name="test_boundary_station_belongs_to_the_higher_indexed_cell" time="0.006" /><testcase classname="tests.test_station_registry" name="test_no_station_is_counted_twice_across_the_boundary" time="0.007" /><testcase classname="tests.test_station_registry" name="test_transcribed_cell_disagreeing_with_the_rule_is_refused" time="0.007" /><testcase classname="tests.test_station_registry" name="test_missing_6_2_field_is_refused_at_load" time="0.007" /><testcase classname="tests.test_station_registry" name="test_resolved_registry_passes" time="0.001" /><testcase classname="tests.test_station_registry" name="test_empty_registry_is_unresolved" time="0.001" /><testcase classname="tests.test_station_registry" name="test_missing_6_2_field_raises" time="0.001" /><testcase classname="tests.test_station_registry" name="test_phase1_does_not_require_observable_codes" time="0.001" /><testcase classname="tests.test_station_registry" name="test_phase2_default_still_requires_observable_codes" time="0.001" /><testcase classname="tests.test_station_registry" name="test_phase1_scope_narrows_only_the_phase2_only_fields" time="0.001" /><testcase classname="tests.test_station_registry" name="test_intervals_not_covering_2022_raise" time="0.001" /><testcase classname="tests.test_station_registry" name="test_defaulted_igrf_version_raises" time="0.001" /><testcase classname="tests.test_station_registry" name="test_empty_igrf_version_raises" time="0.001" /><testcase classname="tests.test_station_registry" name="test_omitted_provenance_raises" time="0.001" /><testcase classname="tests.test_station_registry" name="test_station_registry_raise_names_the_station_as_resource" time="0.001" /><testcase classname="tests.test_station_registry" name="test_provenance_sufficiency_is_per_consumer" time="0.001" /><testcase classname="tests.test_station_registry" name="test_legitimate_resolution_passes" time="0.001" /><testcase classname="tests.test_station_registry" name="test_two_source_average_is_rejected" time="0.001" /><testcase classname="tests.test_station_registry" name="test_three_source_average_equal_to_a_non_named_source_is_rejected" time="0.001" /><testcase classname="tests.test_station_registry" name="test_coincidence_case_passes_and_is_pinned_as_the_stated_residual" time="0.001" /><testcase classname="tests.test_station_registry" name="test_value_matching_no_recorded_source_is_rejected" time="0.001" /><testcase classname="tests.test_station_registry" name="test_empty_rationale_is_rejected" time="0.001" /><testcase classname="tests.test_station_registry" name="test_naming_an_unrecorded_source_is_rejected" time="0.001" /><testcase classname="tests.test_station_registry" name="test_unchanged_migration_passes_with_empty_diff" time="0.001" /><testcase classname="tests.test_station_registry" name="test_transposed_digit_fails_the_migration_diff" time="0.001" /><testcase classname="tests.test_station_registry" name="test_dropped_station_fails_the_migration_diff" time="0.001" /><testcase classname="tests.test_station_registry" name="test_the_real_config_registry_resolves_under_phase_1_and_still_refuses_under_phase_2" time="0.191" /><testcase classname="tests.test_train_only_transforms" name="test_identity_check_enumeration_has_exactly_thirty_raising_conditions" time="0.003" /><testcase classname="tests.test_train_only_transforms" name="test_matching_ids_pass_for_every_partition_and_role" time="0.001" /><testcase classname="tests.test_train_only_transforms" name="test_refit_to_dec_passes_only_under_score" time="0.001" /><testcase classname="tests.test_train_only_transforms" name="test_f4_transform_on_an_f1_spec_raises_regardless_of_month_overlap" time="0.001" /><testcase classname="tests.test_train_only_transforms" name="test_a_second_exception_cannot_be_added_silently" time="0.001" /><testcase classname="tests.test_train_only_transforms" name="test_fit_on_the_exact_training_range_passes_and_stamps_the_partition" time="0.001" /><testcase classname="tests.test_train_only_transforms" name="test_full_dataset_fit_raises_over_wide" time="0.001" /><testcase classname="tests.test_train_only_transforms" name="test_strict_subset_fit_raises_the_r83_control" time="0.001" /><testcase classname="tests.test_train_only_transforms" name="test_one_row_wider_or_narrower_raises" time="0.001" /><testcase classname="tests.test_train_only_transforms" name="test_fit_on_dec_partition_never_reaches_the_locked_month" time="0.001" /><testcase classname="tests.test_train_only_transforms" name="test_score_role_bundle_cannot_be_fitted" time="0.001" /><testcase classname="tests.test_train_only_transforms" name="test_already_transformed_bundle_cannot_be_refitted" time="0.001" /><testcase classname="tests.test_train_only_transforms" name="test_id_disagreement_in_fit_transforms_is_a_partition_error" time="0.001" /><testcase classname="tests.test_train_only_transforms" name="test_empty_bundle_cannot_be_fitted" time="0.001" /><testcase classname="tests.test_train_only_transforms" name="test_zero_variance_column_is_refused_not_defaulted" time="0.001" /><testcase classname="tests.test_train_only_transforms" name="test_untransformed_bundle_is_refused_by_every_consumer_entry" time="0.001" /><testcase classname="tests.test_train_only_transforms" name="test_train_role_bundle_reaching_an_evaluation_comparison_fails" time="0.001" /><testcase classname="tests.test_train_only_transforms" name="test_partition_js_transform_scoring_partition_ks_month_fails" time="0.001" /><testcase classname="tests.test_train_only_transforms" name="test_transform_has_no_apply_and_no_inverse" time="0.001" /><testcase classname="tests.test_train_only_transforms" name="test_apply_fitted_transform_standardises_only_the_fitted_columns" time="0.001" /><testcase classname="tests.test_train_only_transforms" name="test_vtec_lag_is_rejected_at_the_carry_forward_boundary" time="0.001" /><testcase classname="tests.test_train_only_transforms" name="test_driver_class_carries_forward_within_the_bound_and_counts_exclusions" time="0.001" /><testcase classname="tests.test_train_only_transforms" name="test_carry_forward_invokes_the_conservation_invariant_on_what_it_returns" time="0.001" /><testcase classname="tests.test_train_only_transforms" name="test_conservation_invariant_reconciles_counts_not_only_presence" time="0.001" /><testcase classname="tests.test_train_only_transforms" name="test_the_real_carry_forward_path_satisfies_the_invariant_it_now_asserts" time="0.001" /><testcase classname="tests.test_train_only_transforms" name="test_carry_forward_without_a_field_class_is_unrepresentable" time="0.001" /><testcase classname="tests.test_train_only_transforms" name="test_field_classes_partition_the_dictionary" time="0.001" /><testcase classname="tests.test_train_only_transforms" name="test_build_features_refuses_an_unknown_partition_before_anything_else" time="0.001" /><testcase classname="tests.test_train_only_transforms" name="test_build_features_refuses_a_cross_partition_transform_at_its_entry_point" time="0.001" /><testcase classname="tests.test_train_only_transforms" name="test_build_features_refuses_a_score_spec_for_the_refit" time="0.001" /><testcase classname="tests.test_train_only_transforms" name="test_frame_spec_refuses_naive_or_inverted_bounds" time="0.005" /></testsuite></testsuites>